Analysis & Synthesis report for top
Thu May 25 09:12:10 2017
Quartus II 64-Bit Version 13.0.1 Build 232 06/12/2013 Service Pack 1 SJ Full Version


---------------------
; Table of Contents ;
---------------------
  1. Legal Notice
  2. Analysis & Synthesis Summary
  3. Analysis & Synthesis Settings
  4. Parallel Compilation
  5. Analysis & Synthesis Source Files Read
  6. Analysis & Synthesis Resource Usage Summary
  7. Analysis & Synthesis Resource Utilization by Entity
  8. User-Specified and Inferred Latches
  9. Registers Removed During Synthesis
 10. General Register Statistics
 11. Inverted Register Statistics
 12. Multiplexer Restructuring Statistics (Restructuring Performed)
 13. Parameter Settings for Inferred Entity Instance: xianshi:dis|lpm_divide:Div0
 14. Parameter Settings for Inferred Entity Instance: xianshi:dis|lpm_divide:Mod0
 15. Parameter Settings for Inferred Entity Instance: xianshi:dis|lpm_divide:Div1
 16. Parameter Settings for Inferred Entity Instance: xianshi:dis|lpm_divide:Mod1
 17. Port Connectivity Checks: "xianshi:dis"
 18. Elapsed Time Per Partition
 19. Analysis & Synthesis Messages



----------------
; Legal Notice ;
----------------
Copyright (C) 1991-2013 Altera Corporation
Your use of Altera Corporation's design tools, logic functions 
and other software and tools, and its AMPP partner logic 
functions, and any output files from any of the foregoing 
(including device programming or simulation files), and any 
associated documentation or information are expressly subject 
to the terms and conditions of the Altera Program License 
Subscription Agreement, Altera MegaCore Function License 
Agreement, or other applicable license agreement, including, 
without limitation, that your use is for the sole purpose of 
programming logic devices manufactured by Altera and sold by 
Altera or its authorized distributors.  Please refer to the 
applicable agreement for further details.



+---------------------------------------------------------------------------------------+
; Analysis & Synthesis Summary                                                          ;
+------------------------------------+--------------------------------------------------+
; Analysis & Synthesis Status        ; Successful - Thu May 25 09:12:10 2017            ;
; Quartus II 64-Bit Version          ; 13.0.1 Build 232 06/12/2013 SP 1 SJ Full Version ;
; Revision Name                      ; top                                              ;
; Top-level Entity Name              ; top                                              ;
; Family                             ; Cyclone II                                       ;
; Total logic elements               ; 282                                              ;
;     Total combinational functions  ; 281                                              ;
;     Dedicated logic registers      ; 78                                               ;
; Total registers                    ; 78                                               ;
; Total pins                         ; 18                                               ;
; Total virtual pins                 ; 0                                                ;
; Total memory bits                  ; 0                                                ;
; Embedded Multiplier 9-bit elements ; 0                                                ;
; Total PLLs                         ; 0                                                ;
+------------------------------------+--------------------------------------------------+


+----------------------------------------------------------------------------------------------------------------------+
; Analysis & Synthesis Settings                                                                                        ;
+----------------------------------------------------------------------------+--------------------+--------------------+
; Option                                                                     ; Setting            ; Default Value      ;
+----------------------------------------------------------------------------+--------------------+--------------------+
; Device                                                                     ; EP2C5T144C8        ;                    ;
; Top-level entity name                                                      ; top                ; top                ;
; Family name                                                                ; Cyclone II         ; Cyclone IV GX      ;
; Use smart compilation                                                      ; Off                ; Off                ;
; Enable parallel Assembler and TimeQuest Timing Analyzer during compilation ; On                 ; On                 ;
; Enable compact report table                                                ; Off                ; Off                ;
; Restructure Multiplexers                                                   ; Auto               ; Auto               ;
; Create Debugging Nodes for IP Cores                                        ; Off                ; Off                ;
; Preserve fewer node names                                                  ; On                 ; On                 ;
; Disable OpenCore Plus hardware evaluation                                  ; Off                ; Off                ;
; Verilog Version                                                            ; Verilog_2001       ; Verilog_2001       ;
; VHDL Version                                                               ; VHDL_1993          ; VHDL_1993          ;
; State Machine Processing                                                   ; Auto               ; Auto               ;
; Safe State Machine                                                         ; Off                ; Off                ;
; Extract Verilog State Machines                                             ; On                 ; On                 ;
; Extract VHDL State Machines                                                ; On                 ; On                 ;
; Ignore Verilog initial constructs                                          ; Off                ; Off                ;
; Iteration limit for constant Verilog loops                                 ; 5000               ; 5000               ;
; Iteration limit for non-constant Verilog loops                             ; 250                ; 250                ;
; Add Pass-Through Logic to Inferred RAMs                                    ; On                 ; On                 ;
; Infer RAMs from Raw Logic                                                  ; On                 ; On                 ;
; Parallel Synthesis                                                         ; On                 ; On                 ;
; DSP Block Balancing                                                        ; Auto               ; Auto               ;
; NOT Gate Push-Back                                                         ; On                 ; On                 ;
; Power-Up Don't Care                                                        ; On                 ; On                 ;
; Remove Redundant Logic Cells                                               ; Off                ; Off                ;
; Remove Duplicate Registers                                                 ; On                 ; On                 ;
; Ignore CARRY Buffers                                                       ; Off                ; Off                ;
; Ignore CASCADE Buffers                                                     ; Off                ; Off                ;
; Ignore GLOBAL Buffers                                                      ; Off                ; Off                ;
; Ignore ROW GLOBAL Buffers                                                  ; Off                ; Off                ;
; Ignore LCELL Buffers                                                       ; Off                ; Off                ;
; Ignore SOFT Buffers                                                        ; On                 ; On                 ;
; Limit AHDL Integers to 32 Bits                                             ; Off                ; Off                ;
; Optimization Technique                                                     ; Balanced           ; Balanced           ;
; Carry Chain Length                                                         ; 70                 ; 70                 ;
; Auto Carry Chains                                                          ; On                 ; On                 ;
; Auto Open-Drain Pins                                                       ; On                 ; On                 ;
; Perform WYSIWYG Primitive Resynthesis                                      ; Off                ; Off                ;
; Auto ROM Replacement                                                       ; On                 ; On                 ;
; Auto RAM Replacement                                                       ; On                 ; On                 ;
; Auto Shift Register Replacement                                            ; Auto               ; Auto               ;
; Allow Shift Register Merging across Hierarchies                            ; Auto               ; Auto               ;
; Auto Clock Enable Replacement                                              ; On                 ; On                 ;
; Strict RAM Replacement                                                     ; Off                ; Off                ;
; Allow Synchronous Control Signals                                          ; On                 ; On                 ;
; Force Use of Synchronous Clear Signals                                     ; Off                ; Off                ;
; Auto RAM to Logic Cell Conversion                                          ; Off                ; Off                ;
; Auto Resource Sharing                                                      ; Off                ; Off                ;
; Allow Any RAM Size For Recognition                                         ; Off                ; Off                ;
; Allow Any ROM Size For Recognition                                         ; Off                ; Off                ;
; Allow Any Shift Register Size For Recognition                              ; Off                ; Off                ;
; Use LogicLock Constraints during Resource Balancing                        ; On                 ; On                 ;
; Ignore translate_off and synthesis_off directives                          ; Off                ; Off                ;
; Timing-Driven Synthesis                                                    ; Off                ; Off                ;
; Report Parameter Settings                                                  ; On                 ; On                 ;
; Report Source Assignments                                                  ; On                 ; On                 ;
; Report Connectivity Checks                                                 ; On                 ; On                 ;
; Ignore Maximum Fan-Out Assignments                                         ; Off                ; Off                ;
; Synchronization Register Chain Length                                      ; 2                  ; 2                  ;
; PowerPlay Power Optimization                                               ; Normal compilation ; Normal compilation ;
; HDL message level                                                          ; Level2             ; Level2             ;
; Suppress Register Optimization Related Messages                            ; Off                ; Off                ;
; Number of Removed Registers Reported in Synthesis Report                   ; 5000               ; 5000               ;
; Number of Swept Nodes Reported in Synthesis Report                         ; 5000               ; 5000               ;
; Number of Inverted Registers Reported in Synthesis Report                  ; 100                ; 100                ;
; Clock MUX Protection                                                       ; On                 ; On                 ;
; Auto Gated Clock Conversion                                                ; Off                ; Off                ;
; Block Design Naming                                                        ; Auto               ; Auto               ;
; SDC constraint protection                                                  ; Off                ; Off                ;
; Synthesis Effort                                                           ; Auto               ; Auto               ;
; Shift Register Replacement - Allow Asynchronous Clear Signal               ; On                 ; On                 ;
; Pre-Mapping Resynthesis Optimization                                       ; Off                ; Off                ;
; Analysis & Synthesis Message Level                                         ; Medium             ; Medium             ;
; Disable Register Merging Across Hierarchies                                ; Auto               ; Auto               ;
; Resource Aware Inference For Block RAM                                     ; On                 ; On                 ;
; Synthesis Seed                                                             ; 1                  ; 1                  ;
+----------------------------------------------------------------------------+--------------------+--------------------+


+------------------------------------------+
; Parallel Compilation                     ;
+----------------------------+-------------+
; Processors                 ; Number      ;
+----------------------------+-------------+
; Number detected on machine ; 2           ;
; Maximum allowed            ; 2           ;
;                            ;             ;
; Average used               ; 1.00        ;
; Maximum used               ; 1           ;
;                            ;             ;
; Usage by Processor         ; % Time Used ;
;     Processor 1            ; 100.0%      ;
;     Processor 2            ;   0.0%      ;
+----------------------------+-------------+


+-----------------------------------------------------------------------------------------------------------------------------------------------------------------------+
; Analysis & Synthesis Source Files Read                                                                                                                                ;
+----------------------------------+-----------------+------------------------------+-------------------------------------------------------------------------+---------+
; File Name with User-Entered Path ; Used in Netlist ; File Type                    ; File Name with Absolute Path                                            ; Library ;
+----------------------------------+-----------------+------------------------------+-------------------------------------------------------------------------+---------+
; test2.vhd                        ; yes             ; User VHDL File               ; E:/Quartus II 13(1)/workspace/he/test2.vhd                              ;         ;
; test1.vhd                        ; yes             ; User VHDL File               ; E:/Quartus II 13(1)/workspace/he/test1.vhd                              ;         ;
; xianshi.vhd                      ; yes             ; User VHDL File               ; E:/Quartus II 13(1)/workspace/he/xianshi.vhd                            ;         ;
; top.vhd                          ; yes             ; User VHDL File               ; E:/Quartus II 13(1)/workspace/he/top.vhd                                ;         ;
; lpm_divide.tdf                   ; yes             ; Megafunction                 ; e:/quartus ii 13(1)/quartus/libraries/megafunctions/lpm_divide.tdf      ;         ;
; abs_divider.inc                  ; yes             ; Megafunction                 ; e:/quartus ii 13(1)/quartus/libraries/megafunctions/abs_divider.inc     ;         ;
; sign_div_unsign.inc              ; yes             ; Megafunction                 ; e:/quartus ii 13(1)/quartus/libraries/megafunctions/sign_div_unsign.inc ;         ;
; aglobal130.inc                   ; yes             ; Megafunction                 ; e:/quartus ii 13(1)/quartus/libraries/megafunctions/aglobal130.inc      ;         ;
; db/lpm_divide_vcm.tdf            ; yes             ; Auto-Generated Megafunction  ; E:/Quartus II 13(1)/workspace/he/db/lpm_divide_vcm.tdf                  ;         ;
; db/sign_div_unsign_9kh.tdf       ; yes             ; Auto-Generated Megafunction  ; E:/Quartus II 13(1)/workspace/he/db/sign_div_unsign_9kh.tdf             ;         ;
; db/alt_u_div_kve.tdf             ; yes             ; Auto-Generated Megafunction  ; E:/Quartus II 13(1)/workspace/he/db/alt_u_div_kve.tdf                   ;         ;
; db/add_sub_lkc.tdf               ; yes             ; Auto-Generated Megafunction  ; E:/Quartus II 13(1)/workspace/he/db/add_sub_lkc.tdf                     ;         ;
; db/add_sub_mkc.tdf               ; yes             ; Auto-Generated Megafunction  ; E:/Quartus II 13(1)/workspace/he/db/add_sub_mkc.tdf                     ;         ;
; db/lpm_divide_45m.tdf            ; yes             ; Auto-Generated Megafunction  ; E:/Quartus II 13(1)/workspace/he/db/lpm_divide_45m.tdf                  ;         ;
; db/sign_div_unsign_bkh.tdf       ; yes             ; Auto-Generated Megafunction  ; E:/Quartus II 13(1)/workspace/he/db/sign_div_unsign_bkh.tdf             ;         ;
; db/alt_u_div_ove.tdf             ; yes             ; Auto-Generated Megafunction  ; E:/Quartus II 13(1)/workspace/he/db/alt_u_div_ove.tdf                   ;         ;
; db/lpm_divide_0dm.tdf            ; yes             ; Auto-Generated Megafunction  ; E:/Quartus II 13(1)/workspace/he/db/lpm_divide_0dm.tdf                  ;         ;
; db/sign_div_unsign_akh.tdf       ; yes             ; Auto-Generated Megafunction  ; E:/Quartus II 13(1)/workspace/he/db/sign_div_unsign_akh.tdf             ;         ;
; db/alt_u_div_mve.tdf             ; yes             ; Auto-Generated Megafunction  ; E:/Quartus II 13(1)/workspace/he/db/alt_u_div_mve.tdf                   ;         ;
; db/lpm_divide_65m.tdf            ; yes             ; Auto-Generated Megafunction  ; E:/Quartus II 13(1)/workspace/he/db/lpm_divide_65m.tdf                  ;         ;
; db/sign_div_unsign_dkh.tdf       ; yes             ; Auto-Generated Megafunction  ; E:/Quartus II 13(1)/workspace/he/db/sign_div_unsign_dkh.tdf             ;         ;
; db/alt_u_div_sve.tdf             ; yes             ; Auto-Generated Megafunction  ; E:/Quartus II 13(1)/workspace/he/db/alt_u_div_sve.tdf                   ;         ;
+----------------------------------+-----------------+------------------------------+-------------------------------------------------------------------------+---------+


+-----------------------------------------------------+
; Analysis & Synthesis Resource Usage Summary         ;
+---------------------------------------------+-------+
; Resource                                    ; Usage ;
+---------------------------------------------+-------+
; Estimated Total logic elements              ; 282   ;
;                                             ;       ;
; Total combinational functions               ; 281   ;
; Logic element usage by number of LUT inputs ;       ;
;     -- 4 input functions                    ; 54    ;
;     -- 3 input functions                    ; 61    ;
;     -- <=2 input functions                  ; 166   ;
;                                             ;       ;
; Logic elements by mode                      ;       ;
;     -- normal mode                          ; 191   ;
;     -- arithmetic mode                      ; 90    ;
;                                             ;       ;
; Total registers                             ; 78    ;
;     -- Dedicated logic registers            ; 78    ;
;     -- I/O registers                        ; 0     ;
;                                             ;       ;
; I/O pins                                    ; 18    ;
; Embedded Multiplier 9-bit elements          ; 0     ;
; Maximum fan-out node                        ; clk   ;
; Maximum fan-out                             ; 41    ;
; Total fan-out                               ; 864   ;
; Average fan-out                             ; 2.29  ;
+---------------------------------------------+-------+


+-----------------------------------------------------------------------------------------------------------------------------------------------------------------------------------------------------------------------------------------------------------------------------------------+
; Analysis & Synthesis Resource Utilization by Entity                                                                                                                                                                                                                                     ;
+-------------------------------------------+-------------------+--------------+-------------+--------------+---------+-----------+------+--------------+------------------------------------------------------------------------------------------------------------------+--------------+
; Compilation Hierarchy Node                ; LC Combinationals ; LC Registers ; Memory Bits ; DSP Elements ; DSP 9x9 ; DSP 18x18 ; Pins ; Virtual Pins ; Full Hierarchy Name                                                                                              ; Library Name ;
+-------------------------------------------+-------------------+--------------+-------------+--------------+---------+-----------+------+--------------+------------------------------------------------------------------------------------------------------------------+--------------+
; |top                                      ; 281 (46)          ; 78 (26)      ; 0           ; 0            ; 0       ; 0         ; 18   ; 0            ; |top                                                                                                             ; work         ;
;    |test1:HELLO|                          ; 42 (42)           ; 22 (22)      ; 0           ; 0            ; 0       ; 0         ; 0    ; 0            ; |top|test1:HELLO                                                                                                 ; work         ;
;    |test2:HELLo2|                         ; 32 (32)           ; 17 (17)      ; 0           ; 0            ; 0       ; 0         ; 0    ; 0            ; |top|test2:HELLo2                                                                                                ; work         ;
;    |xianshi:dis|                          ; 161 (25)          ; 13 (13)      ; 0           ; 0            ; 0       ; 0         ; 0    ; 0            ; |top|xianshi:dis                                                                                                 ; work         ;
;       |lpm_divide:Div0|                   ; 30 (0)            ; 0 (0)        ; 0           ; 0            ; 0       ; 0         ; 0    ; 0            ; |top|xianshi:dis|lpm_divide:Div0                                                                                 ; work         ;
;          |lpm_divide_vcm:auto_generated|  ; 30 (0)            ; 0 (0)        ; 0           ; 0            ; 0       ; 0         ; 0    ; 0            ; |top|xianshi:dis|lpm_divide:Div0|lpm_divide_vcm:auto_generated                                                   ; work         ;
;             |sign_div_unsign_9kh:divider| ; 30 (0)            ; 0 (0)        ; 0           ; 0            ; 0       ; 0         ; 0    ; 0            ; |top|xianshi:dis|lpm_divide:Div0|lpm_divide_vcm:auto_generated|sign_div_unsign_9kh:divider                       ; work         ;
;                |alt_u_div_kve:divider|    ; 30 (30)           ; 0 (0)        ; 0           ; 0            ; 0       ; 0         ; 0    ; 0            ; |top|xianshi:dis|lpm_divide:Div0|lpm_divide_vcm:auto_generated|sign_div_unsign_9kh:divider|alt_u_div_kve:divider ; work         ;
;       |lpm_divide:Div1|                   ; 31 (0)            ; 0 (0)        ; 0           ; 0            ; 0       ; 0         ; 0    ; 0            ; |top|xianshi:dis|lpm_divide:Div1                                                                                 ; work         ;
;          |lpm_divide_0dm:auto_generated|  ; 31 (0)            ; 0 (0)        ; 0           ; 0            ; 0       ; 0         ; 0    ; 0            ; |top|xianshi:dis|lpm_divide:Div1|lpm_divide_0dm:auto_generated                                                   ; work         ;
;             |sign_div_unsign_akh:divider| ; 31 (0)            ; 0 (0)        ; 0           ; 0            ; 0       ; 0         ; 0    ; 0            ; |top|xianshi:dis|lpm_divide:Div1|lpm_divide_0dm:auto_generated|sign_div_unsign_akh:divider                       ; work         ;
;                |alt_u_div_mve:divider|    ; 31 (31)           ; 0 (0)        ; 0           ; 0            ; 0       ; 0         ; 0    ; 0            ; |top|xianshi:dis|lpm_divide:Div1|lpm_divide_0dm:auto_generated|sign_div_unsign_akh:divider|alt_u_div_mve:divider ; work         ;
;       |lpm_divide:Mod0|                   ; 34 (0)            ; 0 (0)        ; 0           ; 0            ; 0       ; 0         ; 0    ; 0            ; |top|xianshi:dis|lpm_divide:Mod0                                                                                 ; work         ;
;          |lpm_divide_45m:auto_generated|  ; 34 (0)            ; 0 (0)        ; 0           ; 0            ; 0       ; 0         ; 0    ; 0            ; |top|xianshi:dis|lpm_divide:Mod0|lpm_divide_45m:auto_generated                                                   ; work         ;
;             |sign_div_unsign_bkh:divider| ; 34 (0)            ; 0 (0)        ; 0           ; 0            ; 0       ; 0         ; 0    ; 0            ; |top|xianshi:dis|lpm_divide:Mod0|lpm_divide_45m:auto_generated|sign_div_unsign_bkh:divider                       ; work         ;
;                |alt_u_div_ove:divider|    ; 34 (34)           ; 0 (0)        ; 0           ; 0            ; 0       ; 0         ; 0    ; 0            ; |top|xianshi:dis|lpm_divide:Mod0|lpm_divide_45m:auto_generated|sign_div_unsign_bkh:divider|alt_u_div_ove:divider ; work         ;
;       |lpm_divide:Mod1|                   ; 41 (0)            ; 0 (0)        ; 0           ; 0            ; 0       ; 0         ; 0    ; 0            ; |top|xianshi:dis|lpm_divide:Mod1                                                                                 ; work         ;
;          |lpm_divide_65m:auto_generated|  ; 41 (0)            ; 0 (0)        ; 0           ; 0            ; 0       ; 0         ; 0    ; 0            ; |top|xianshi:dis|lpm_divide:Mod1|lpm_divide_65m:auto_generated                                                   ; work         ;
;             |sign_div_unsign_dkh:divider| ; 41 (0)            ; 0 (0)        ; 0           ; 0            ; 0       ; 0         ; 0    ; 0            ; |top|xianshi:dis|lpm_divide:Mod1|lpm_divide_65m:auto_generated|sign_div_unsign_dkh:divider                       ; work         ;
;                |alt_u_div_sve:divider|    ; 41 (41)           ; 0 (0)        ; 0           ; 0            ; 0       ; 0         ; 0    ; 0            ; |top|xianshi:dis|lpm_divide:Mod1|lpm_divide_65m:auto_generated|sign_div_unsign_dkh:divider|alt_u_div_sve:divider ; work         ;
+-------------------------------------------+-------------------+--------------+-------------+--------------+---------+-----------+------+--------------+------------------------------------------------------------------------------------------------------------------+--------------+
Note: For table entries with two numbers listed, the numbers in parentheses indicate the number of resources of the given type used by the specific entity alone. The numbers listed outside of parentheses indicate the total resources of the given type used by the specific entity and all of its sub-entities in the hierarchy.


+---------------------------------------------------------------------------------------------------+
; User-Specified and Inferred Latches                                                               ;
+----------------------------------------------------+---------------------+------------------------+
; Latch Name                                         ; Latch Enable Signal ; Free of Timing Hazards ;
+----------------------------------------------------+---------------------+------------------------+
; key_out                                            ; GND                 ; yes                    ;
; Number of user-specified and inferred latches = 1  ;                     ;                        ;
+----------------------------------------------------+---------------------+------------------------+
Note: All latches listed above may not be present at the end of synthesis due to various synthesis optimizations.


+---------------------------------------------------------------------------------+
; Registers Removed During Synthesis                                              ;
+----------------------------------------+----------------------------------------+
; Register name                          ; Reason for Removal                     ;
+----------------------------------------+----------------------------------------+
; xianshi:dis|leddata[7]                 ; Stuck at VCC due to stuck port data_in ;
; sec[4]                                 ; Merged with secnum[4]                  ;
; sec[3]                                 ; Merged with secnum[3]                  ;
; sec[2]                                 ; Merged with secnum[2]                  ;
; sec[0]                                 ; Merged with secnum[0]                  ;
; light1[5]                              ; Merged with light1[0]                  ;
; light1[2]                              ; Merged with light1[1]                  ;
; lightdata[0]                           ; Merged with light1[0]                  ;
; lightdata[1]                           ; Merged with light1[1]                  ;
; light1[3]                              ; Stuck at VCC due to stuck port data_in ;
; secnum[5]                              ; Merged with lightdata[3]               ;
; test1:HELLO|count1[0]                  ; Merged with test2:HELLo2|count1[0]     ;
; test1:HELLO|count1[1]                  ; Merged with test2:HELLo2|count1[1]     ;
; Total Number of Removed Registers = 13 ;                                        ;
+----------------------------------------+----------------------------------------+


+------------------------------------------------------+
; General Register Statistics                          ;
+----------------------------------------------+-------+
; Statistic                                    ; Value ;
+----------------------------------------------+-------+
; Total registers                              ; 78    ;
; Number of registers using Synchronous Clear  ; 0     ;
; Number of registers using Synchronous Load   ; 0     ;
; Number of registers using Asynchronous Clear ; 0     ;
; Number of registers using Asynchronous Load  ; 0     ;
; Number of registers using Clock Enable       ; 13    ;
; Number of registers using Preset             ; 0     ;
+----------------------------------------------+-------+


+---------------------------------------------------+
; Inverted Register Statistics                      ;
+-----------------------------------------+---------+
; Inverted Register                       ; Fan out ;
+-----------------------------------------+---------+
; lightdata[5]                            ; 5       ;
; lightdata[4]                            ; 6       ;
; light1[1]                               ; 6       ;
; secnum[4]                               ; 8       ;
; secnum[3]                               ; 7       ;
; secnum[2]                               ; 7       ;
; sec_g[0]                                ; 3       ;
; sec_g[4]                                ; 3       ;
; sec_g[3]                                ; 3       ;
; sec_r[3]                                ; 4       ;
; sec_g[2]                                ; 3       ;
; sec_r[2]                                ; 5       ;
; sec_y[1]                                ; 3       ;
; sec_r[1]                                ; 6       ;
; sec[1]                                  ; 1       ;
; test2:HELLo2|count1[1]                  ; 4       ;
; test2:HELLo2|count1[0]                  ; 4       ;
; test2:HELLo2|count1[3]                  ; 2       ;
; test2:HELLo2|count1[2]                  ; 2       ;
; test2:HELLo2|count1[6]                  ; 2       ;
; test2:HELLo2|count1[8]                  ; 2       ;
; test2:HELLo2|count1[9]                  ; 2       ;
; test2:HELLo2|count1[14]                 ; 2       ;
; test2:HELLo2|count1[15]                 ; 2       ;
; test1:HELLO|count1[8]                   ; 2       ;
; test1:HELLO|count1[5]                   ; 2       ;
; test1:HELLO|count1[4]                   ; 2       ;
; test1:HELLO|count1[3]                   ; 2       ;
; test1:HELLO|count1[2]                   ; 2       ;
; test1:HELLO|count1[9]                   ; 2       ;
; test1:HELLO|count1[11]                  ; 2       ;
; test1:HELLO|count1[14]                  ; 2       ;
; test1:HELLO|count1[18]                  ; 2       ;
; test1:HELLO|count1[19]                  ; 2       ;
; test1:HELLO|count1[22]                  ; 2       ;
; Total number of inverted registers = 35 ;         ;
+-----------------------------------------+---------+


+------------------------------------------------------------------------------------------------------------------------------------------+
; Multiplexer Restructuring Statistics (Restructuring Performed)                                                                           ;
+--------------------+-----------+---------------+----------------------+------------------------+------------+----------------------------+
; Multiplexer Inputs ; Bus Width ; Baseline Area ; Area if Restructured ; Saving if Restructured ; Registered ; Example Multiplexer Output ;
+--------------------+-----------+---------------+----------------------+------------------------+------------+----------------------------+
; 5:1                ; 2 bits    ; 6 LEs         ; 4 LEs                ; 2 LEs                  ; Yes        ; |top|secnum[2]             ;
; 5:1                ; 3 bits    ; 9 LEs         ; 9 LEs                ; 0 LEs                  ; No         ; |top|light1                ;
; 16:1               ; 4 bits    ; 40 LEs        ; 16 LEs               ; 24 LEs                 ; No         ; |top|xianshi:dis|Mux4      ;
+--------------------+-----------+---------------+----------------------+------------------------+------------+----------------------------+


+------------------------------------------------------------------------------+
; Parameter Settings for Inferred Entity Instance: xianshi:dis|lpm_divide:Div0 ;
+------------------------+----------------+------------------------------------+
; Parameter Name         ; Value          ; Type                               ;
+------------------------+----------------+------------------------------------+
; LPM_WIDTHN             ; 6              ; Untyped                            ;
; LPM_WIDTHD             ; 4              ; Untyped                            ;
; LPM_NREPRESENTATION    ; UNSIGNED       ; Untyped                            ;
; LPM_DREPRESENTATION    ; UNSIGNED       ; Untyped                            ;
; LPM_PIPELINE           ; 0              ; Untyped                            ;
; LPM_REMAINDERPOSITIVE  ; TRUE           ; Untyped                            ;
; MAXIMIZE_SPEED         ; 5              ; Untyped                            ;
; CBXI_PARAMETER         ; lpm_divide_vcm ; Untyped                            ;
; CARRY_CHAIN            ; MANUAL         ; Untyped                            ;
; OPTIMIZE_FOR_SPEED     ; 5              ; Untyped                            ;
; AUTO_CARRY_CHAINS      ; ON             ; AUTO_CARRY                         ;
; IGNORE_CARRY_BUFFERS   ; OFF            ; IGNORE_CARRY                       ;
; AUTO_CASCADE_CHAINS    ; ON             ; AUTO_CASCADE                       ;
; IGNORE_CASCADE_BUFFERS ; OFF            ; IGNORE_CASCADE                     ;
+------------------------+----------------+------------------------------------+
Note: In order to hide this table in the UI and the text report file, please set the "Show Parameter Settings in Synthesis Report" option in "Analysis and Synthesis Settings -> More Settings" to "Off".


+------------------------------------------------------------------------------+
; Parameter Settings for Inferred Entity Instance: xianshi:dis|lpm_divide:Mod0 ;
+------------------------+----------------+------------------------------------+
; Parameter Name         ; Value          ; Type                               ;
+------------------------+----------------+------------------------------------+
; LPM_WIDTHN             ; 6              ; Untyped                            ;
; LPM_WIDTHD             ; 6              ; Untyped                            ;
; LPM_NREPRESENTATION    ; UNSIGNED       ; Untyped                            ;
; LPM_DREPRESENTATION    ; UNSIGNED       ; Untyped                            ;
; LPM_PIPELINE           ; 0              ; Untyped                            ;
; LPM_REMAINDERPOSITIVE  ; TRUE           ; Untyped                            ;
; MAXIMIZE_SPEED         ; 5              ; Untyped                            ;
; CBXI_PARAMETER         ; lpm_divide_45m ; Untyped                            ;
; CARRY_CHAIN            ; MANUAL         ; Untyped                            ;
; OPTIMIZE_FOR_SPEED     ; 5              ; Untyped                            ;
; AUTO_CARRY_CHAINS      ; ON             ; AUTO_CARRY                         ;
; IGNORE_CARRY_BUFFERS   ; OFF            ; IGNORE_CARRY                       ;
; AUTO_CASCADE_CHAINS    ; ON             ; AUTO_CASCADE                       ;
; IGNORE_CASCADE_BUFFERS ; OFF            ; IGNORE_CASCADE                     ;
+------------------------+----------------+------------------------------------+
Note: In order to hide this table in the UI and the text report file, please set the "Show Parameter Settings in Synthesis Report" option in "Analysis and Synthesis Settings -> More Settings" to "Off".


+------------------------------------------------------------------------------+
; Parameter Settings for Inferred Entity Instance: xianshi:dis|lpm_divide:Div1 ;
+------------------------+----------------+------------------------------------+
; Parameter Name         ; Value          ; Type                               ;
+------------------------+----------------+------------------------------------+
; LPM_WIDTHN             ; 7              ; Untyped                            ;
; LPM_WIDTHD             ; 4              ; Untyped                            ;
; LPM_NREPRESENTATION    ; UNSIGNED       ; Untyped                            ;
; LPM_DREPRESENTATION    ; UNSIGNED       ; Untyped                            ;
; LPM_PIPELINE           ; 0              ; Untyped                            ;
; LPM_REMAINDERPOSITIVE  ; TRUE           ; Untyped                            ;
; MAXIMIZE_SPEED         ; 5              ; Untyped                            ;
; CBXI_PARAMETER         ; lpm_divide_0dm ; Untyped                            ;
; CARRY_CHAIN            ; MANUAL         ; Untyped                            ;
; OPTIMIZE_FOR_SPEED     ; 5              ; Untyped                            ;
; AUTO_CARRY_CHAINS      ; ON             ; AUTO_CARRY                         ;
; IGNORE_CARRY_BUFFERS   ; OFF            ; IGNORE_CARRY                       ;
; AUTO_CASCADE_CHAINS    ; ON             ; AUTO_CASCADE                       ;
; IGNORE_CASCADE_BUFFERS ; OFF            ; IGNORE_CASCADE                     ;
+------------------------+----------------+------------------------------------+
Note: In order to hide this table in the UI and the text report file, please set the "Show Parameter Settings in Synthesis Report" option in "Analysis and Synthesis Settings -> More Settings" to "Off".


+------------------------------------------------------------------------------+
; Parameter Settings for Inferred Entity Instance: xianshi:dis|lpm_divide:Mod1 ;
+------------------------+----------------+------------------------------------+
; Parameter Name         ; Value          ; Type                               ;
+------------------------+----------------+------------------------------------+
; LPM_WIDTHN             ; 7              ; Untyped                            ;
; LPM_WIDTHD             ; 7              ; Untyped                            ;
; LPM_NREPRESENTATION    ; UNSIGNED       ; Untyped                            ;
; LPM_DREPRESENTATION    ; UNSIGNED       ; Untyped                            ;
; LPM_PIPELINE           ; 0              ; Untyped                            ;
; LPM_REMAINDERPOSITIVE  ; TRUE           ; Untyped                            ;
; MAXIMIZE_SPEED         ; 5              ; Untyped                            ;
; CBXI_PARAMETER         ; lpm_divide_65m ; Untyped                            ;
; CARRY_CHAIN            ; MANUAL         ; Untyped                            ;
; OPTIMIZE_FOR_SPEED     ; 5              ; Untyped                            ;
; AUTO_CARRY_CHAINS      ; ON             ; AUTO_CARRY                         ;
; IGNORE_CARRY_BUFFERS   ; OFF            ; IGNORE_CARRY                       ;
; AUTO_CASCADE_CHAINS    ; ON             ; AUTO_CASCADE                       ;
; IGNORE_CASCADE_BUFFERS ; OFF            ; IGNORE_CASCADE                     ;
+------------------------+----------------+------------------------------------+
Note: In order to hide this table in the UI and the text report file, please set the "Show Parameter Settings in Synthesis Report" option in "Analysis and Synthesis Settings -> More Settings" to "Off".


+------------------------------------------+
; Port Connectivity Checks: "xianshi:dis"  ;
+--------+-------+----------+--------------+
; Port   ; Type  ; Severity ; Details      ;
+--------+-------+----------+--------------+
; num[6] ; Input ; Info     ; Stuck at GND ;
+--------+-------+----------+--------------+


+-------------------------------+
; Elapsed Time Per Partition    ;
+----------------+--------------+
; Partition Name ; Elapsed Time ;
+----------------+--------------+
; Top            ; 00:00:01     ;
+----------------+--------------+


+-------------------------------+
; Analysis & Synthesis Messages ;
+-------------------------------+
Info: *******************************************************************
Info: Running Quartus II 64-Bit Analysis & Synthesis
    Info: Version 13.0.1 Build 232 06/12/2013 Service Pack 1 SJ Full Version
    Info: Processing started: Thu May 25 09:12:06 2017
Info: Command: quartus_map --read_settings_files=on --write_settings_files=off top -c top
Info (20030): Parallel compilation is enabled and will use 2 of the 2 processors detected
Info (12021): Found 2 design units, including 1 entities, in source file test2.vhd
    Info (12022): Found design unit 1: test2-times
    Info (12023): Found entity 1: test2
Info (12021): Found 2 design units, including 1 entities, in source file anjian.vhd
    Info (12022): Found design unit 1: anjian-aj
    Info (12023): Found entity 1: anjian
Info (12021): Found 2 design units, including 1 entities, in source file test1.vhd
    Info (12022): Found design unit 1: test1-times
    Info (12023): Found entity 1: test1
Info (12021): Found 2 design units, including 1 entities, in source file xianshi.vhd
    Info (12022): Found design unit 1: xianshi-example
    Info (12023): Found entity 1: xianshi
Info (12021): Found 2 design units, including 1 entities, in source file top.vhd
    Info (12022): Found design unit 1: top-example
    Info (12023): Found entity 1: top
Info (12021): Found 2 design units, including 1 entities, in source file jishu1.vhd
    Info (12022): Found design unit 1: jishu1-example
    Info (12023): Found entity 1: jishu1
Info (12127): Elaborating entity "top" for the top level hierarchy
Warning (10492): VHDL Process Statement warning at top.vhd(114): signal "key1" is read inside the Process Statement but isn't in the Process Statement's sensitivity list
Warning (10492): VHDL Process Statement warning at top.vhd(116): signal "sec_r" is read inside the Process Statement but isn't in the Process Statement's sensitivity list
Warning (10631): VHDL Process Statement warning at top.vhd(112): inferring latch(es) for signal or variable "key_out", which holds its previous value in one or more paths through the process
Info (10041): Inferred latch for "key_out" at top.vhd(112)
Info (12128): Elaborating entity "test1" for hierarchy "test1:HELLO"
Info (12128): Elaborating entity "test2" for hierarchy "test2:HELLo2"
Info (12128): Elaborating entity "xianshi" for hierarchy "xianshi:dis"
Info (278001): Inferred 4 megafunctions from design logic
    Info (278004): Inferred divider/modulo megafunction ("lpm_divide") from the following logic: "xianshi:dis|Div0"
    Info (278004): Inferred divider/modulo megafunction ("lpm_divide") from the following logic: "xianshi:dis|Mod0"
    Info (278004): Inferred divider/modulo megafunction ("lpm_divide") from the following logic: "xianshi:dis|Div1"
    Info (278004): Inferred divider/modulo megafunction ("lpm_divide") from the following logic: "xianshi:dis|Mod1"
Info (12130): Elaborated megafunction instantiation "xianshi:dis|lpm_divide:Div0"
Info (12133): Instantiated megafunction "xianshi:dis|lpm_divide:Div0" with the following parameter:
    Info (12134): Parameter "LPM_WIDTHN" = "6"
    Info (12134): Parameter "LPM_WIDTHD" = "4"
    Info (12134): Parameter "LPM_NREPRESENTATION" = "UNSIGNED"
    Info (12134): Parameter "LPM_DREPRESENTATION" = "UNSIGNED"
Info (12021): Found 1 design units, including 1 entities, in source file db/lpm_divide_vcm.tdf
    Info (12023): Found entity 1: lpm_divide_vcm
Info (12021): Found 1 design units, including 1 entities, in source file db/sign_div_unsign_9kh.tdf
    Info (12023): Found entity 1: sign_div_unsign_9kh
Info (12021): Found 1 design units, including 1 entities, in source file db/alt_u_div_kve.tdf
    Info (12023): Found entity 1: alt_u_div_kve
Info (12021): Found 1 design units, including 1 entities, in source file db/add_sub_lkc.tdf
    Info (12023): Found entity 1: add_sub_lkc
Info (12021): Found 1 design units, including 1 entities, in source file db/add_sub_mkc.tdf
    Info (12023): Found entity 1: add_sub_mkc
Info (12130): Elaborated megafunction instantiation "xianshi:dis|lpm_divide:Mod0"
Info (12133): Instantiated megafunction "xianshi:dis|lpm_divide:Mod0" with the following parameter:
    Info (12134): Parameter "LPM_WIDTHN" = "6"
    Info (12134): Parameter "LPM_WIDTHD" = "6"
    Info (12134): Parameter "LPM_NREPRESENTATION" = "UNSIGNED"
    Info (12134): Parameter "LPM_DREPRESENTATION" = "UNSIGNED"
Info (12021): Found 1 design units, including 1 entities, in source file db/lpm_divide_45m.tdf
    Info (12023): Found entity 1: lpm_divide_45m
Info (12021): Found 1 design units, including 1 entities, in source file db/sign_div_unsign_bkh.tdf
    Info (12023): Found entity 1: sign_div_unsign_bkh
Info (12021): Found 1 design units, including 1 entities, in source file db/alt_u_div_ove.tdf
    Info (12023): Found entity 1: alt_u_div_ove
Info (12130): Elaborated megafunction instantiation "xianshi:dis|lpm_divide:Div1"
Info (12133): Instantiated megafunction "xianshi:dis|lpm_divide:Div1" with the following parameter:
    Info (12134): Parameter "LPM_WIDTHN" = "7"
    Info (12134): Parameter "LPM_WIDTHD" = "4"
    Info (12134): Parameter "LPM_NREPRESENTATION" = "UNSIGNED"
    Info (12134): Parameter "LPM_DREPRESENTATION" = "UNSIGNED"
Info (12021): Found 1 design units, including 1 entities, in source file db/lpm_divide_0dm.tdf
    Info (12023): Found entity 1: lpm_divide_0dm
Info (12021): Found 1 design units, including 1 entities, in source file db/sign_div_unsign_akh.tdf
    Info (12023): Found entity 1: sign_div_unsign_akh
Info (12021): Found 1 design units, including 1 entities, in source file db/alt_u_div_mve.tdf
    Info (12023): Found entity 1: alt_u_div_mve
Info (12130): Elaborated megafunction instantiation "xianshi:dis|lpm_divide:Mod1"
Info (12133): Instantiated megafunction "xianshi:dis|lpm_divide:Mod1" with the following parameter:
    Info (12134): Parameter "LPM_WIDTHN" = "7"
    Info (12134): Parameter "LPM_WIDTHD" = "7"
    Info (12134): Parameter "LPM_NREPRESENTATION" = "UNSIGNED"
    Info (12134): Parameter "LPM_DREPRESENTATION" = "UNSIGNED"
Info (12021): Found 1 design units, including 1 entities, in source file db/lpm_divide_65m.tdf
    Info (12023): Found entity 1: lpm_divide_65m
Info (12021): Found 1 design units, including 1 entities, in source file db/sign_div_unsign_dkh.tdf
    Info (12023): Found entity 1: sign_div_unsign_dkh
Info (12021): Found 1 design units, including 1 entities, in source file db/alt_u_div_sve.tdf
    Info (12023): Found entity 1: alt_u_div_sve
Warning (13024): Output pins are stuck at VCC or GND
    Warning (13410): Pin "seg7data[7]" is stuck at VCC
Info (16010): Generating hard_block partition "hard_block:auto_generated_inst"
    Info (16011): Adding 0 node(s), including 0 DDIO, 0 PLL, 0 transceiver and 0 LCELL
Warning (21074): Design contains 4 input pin(s) that do not drive logic
    Warning (15610): No output dependent on input pin "key2"
    Warning (15610): No output dependent on input pin "key3"
    Warning (15610): No output dependent on input pin "key4"
    Warning (15610): No output dependent on input pin "key5"
Info (21057): Implemented 305 device resources after synthesis - the final resource count might be different
    Info (21058): Implemented 6 input pins
    Info (21059): Implemented 12 output pins
    Info (21061): Implemented 287 logic cells
Info: Quartus II 64-Bit Analysis & Synthesis was successful. 0 errors, 10 warnings
    Info: Peak virtual memory: 514 megabytes
    Info: Processing ended: Thu May 25 09:12:10 2017
    Info: Elapsed time: 00:00:04
    Info: Total CPU time (on all processors): 00:00:03


